0 info it worked if it ends with ok
1 verbose cli [ '/usr/local/bin/node', '/usr/local/bin/npm', 'run', 'debug' ]
2 info using npm@3.8.6
3 info using node@v5.11.1
4 verbose run-script [ 'predebug', 'debug', 'postdebug' ]
5 info lifecycle MediaApp@0.0.0~predebug: MediaApp@0.0.0
6 silly lifecycle MediaApp@0.0.0~predebug: no script for predebug, continuing
7 info lifecycle MediaApp@0.0.0~debug: MediaApp@0.0.0
8 verbose lifecycle MediaApp@0.0.0~debug: unsafe-perm in lifecycle true
9 verbose lifecycle MediaApp@0.0.0~debug: PATH: /usr/local/lib/node_modules/npm/bin/node-gyp-bin:/Users/roberto/Documents/IAmAFrontEndDeveloper/media-app-sass/node_modules/.bin:/usr/local/bin:/Users/roberto/.dnx/runtimes/dnx-coreclr-darwin-x64.1.0.0-rc2-16258/bin:/Users/roberto/.dnx/bin:/usr/local/bin:/usr/bin:/bin:/usr/sbin:/sbin
10 verbose lifecycle MediaApp@0.0.0~debug: CWD: /Users/roberto/Documents/IAmAFrontEndDeveloper/media-app-sass
11 silly lifecycle MediaApp@0.0.0~debug: Args: [ '-c', 'nodemon --debug server' ]
12 silly lifecycle MediaApp@0.0.0~debug: Returned: code: 1  signal: null
13 info lifecycle MediaApp@0.0.0~debug: Failed to exec debug script
14 verbose stack Error: MediaApp@0.0.0 debug: `nodemon --debug server`
14 verbose stack Exit status 1
14 verbose stack     at EventEmitter.<anonymous> (/usr/local/lib/node_modules/npm/lib/utils/lifecycle.js:239:16)
14 verbose stack     at emitTwo (events.js:100:13)
14 verbose stack     at EventEmitter.emit (events.js:185:7)
14 verbose stack     at ChildProcess.<anonymous> (/usr/local/lib/node_modules/npm/lib/utils/spawn.js:24:14)
14 verbose stack     at emitTwo (events.js:100:13)
14 verbose stack     at ChildProcess.emit (events.js:185:7)
14 verbose stack     at maybeClose (internal/child_process.js:850:16)
14 verbose stack     at Process.ChildProcess._handle.onexit (internal/child_process.js:215:5)
15 verbose pkgid MediaApp@0.0.0
16 verbose cwd /Users/roberto/Documents/IAmAFrontEndDeveloper/media-app-sass
17 error Darwin 15.4.0
18 error argv "/usr/local/bin/node" "/usr/local/bin/npm" "run" "debug"
19 error node v5.11.1
20 error npm  v3.8.6
21 error code ELIFECYCLE
22 error MediaApp@0.0.0 debug: `nodemon --debug server`
22 error Exit status 1
23 error Failed at the MediaApp@0.0.0 debug script 'nodemon --debug server'.
23 error Make sure you have the latest version of node.js and npm installed.
23 error If you do, this is most likely a problem with the MediaApp package,
23 error not with npm itself.
23 error Tell the author that this fails on your system:
23 error     nodemon --debug server
23 error You can get information on how to open an issue for this project with:
23 error     npm bugs MediaApp
23 error Or if that isn't available, you can get their info via:
23 error     npm owner ls MediaApp
23 error There is likely additional logging output above.
24 verbose exit [ 1, true ]
